<?xml version="1.0" encoding="UTF-8"?>
<coverage generated="1779265247533" clover="3.2.0">
  <project timestamp="1779265247533" name="All files">
    <metrics statements="119" coveredstatements="112" conditionals="44" coveredconditionals="35" methods="34" coveredmethods="28" elements="197" coveredelements="175" complexity="0" loc="119" ncloc="119" packages="4" files="8" classes="8"/>
    <package name="features">
      <metrics statements="10" coveredstatements="9" conditionals="0" coveredconditionals="0" methods="4" coveredmethods="3"/>
      <file name="HomePage.tsx" path="C:\IE\vite-app\src\features\HomePage.tsx">
        <metrics statements="10" coveredstatements="9" conditionals="0" coveredconditionals="0" methods="4" coveredmethods="3"/>
        <line num="1" count="1" type="stmt"/>
        <line num="2" count="1" type="stmt"/>
        <line num="4" count="1" type="stmt"/>
        <line num="5" count="10" type="stmt"/>
        <line num="7" count="10" type="stmt"/>
        <line num="24" count="10" type="stmt"/>
        <line num="39" count="10" type="stmt"/>
        <line num="58" count="20" type="stmt"/>
        <line num="63" count="0" type="stmt"/>
        <line num="76" count="120" type="stmt"/>
      </file>
    </package>
    <package name="features.dashboard">
      <metrics statements="18" coveredstatements="18" conditionals="18" coveredconditionals="15" methods="3" coveredmethods="3"/>
      <file name="ProductDashboard.tsx" path="C:\IE\vite-app\src\features\dashboard\ProductDashboard.tsx">
        <metrics statements="18" coveredstatements="18" conditionals="18" coveredconditionals="15" methods="3" coveredmethods="3"/>
        <line num="1" count="1" type="stmt"/>
        <line num="2" count="1" type="stmt"/>
        <line num="3" count="1" type="stmt"/>
        <line num="4" count="1" type="stmt"/>
        <line num="5" count="1" type="stmt"/>
        <line num="6" count="1" type="stmt"/>
        <line num="8" count="1" type="stmt"/>
        <line num="9" count="8" type="stmt"/>
        <line num="12" count="8" type="stmt"/>
        <line num="14" count="8" type="stmt"/>
        <line num="15" count="8" type="stmt"/>
        <line num="21" count="8" type="cond" truecount="2" falsecount="0"/>
        <line num="22" count="1" type="stmt"/>
        <line num="25" count="7" type="cond" truecount="2" falsecount="0"/>
        <line num="26" count="1" type="stmt"/>
        <line num="33" count="6" type="stmt"/>
        <line num="52" count="5" type="stmt"/>
        <line num="82" count="1" type="stmt"/>
      </file>
    </package>
    <package name="features.productList">
      <metrics statements="47" coveredstatements="46" conditionals="16" coveredconditionals="11" methods="13" coveredmethods="12"/>
      <file name="ProductCard.tsx" path="C:\IE\vite-app\src\features\productList\ProductCard.tsx">
        <metrics statements="14" coveredstatements="14" conditionals="8" coveredconditionals="7" methods="3" coveredmethods="3"/>
        <line num="1" count="1" type="stmt"/>
        <line num="3" count="1" type="stmt"/>
        <line num="4" count="1" type="stmt"/>
        <line num="11" count="1" type="stmt"/>
        <line num="12" count="11" type="stmt"/>
        <line num="14" count="11" type="stmt"/>
        <line num="15" count="4" type="cond" truecount="4" falsecount="0"/>
        <line num="16" count="4" type="stmt"/>
        <line num="19" count="11" type="stmt"/>
        <line num="20" count="2" type="cond" truecount="3" falsecount="1"/>
        <line num="21" count="2" type="stmt"/>
        <line num="22" count="2" type="stmt"/>
        <line num="26" count="11" type="stmt"/>
        <line num="59" count="1" type="stmt"/>
      </file>
      <file name="ProductDetails.tsx" path="C:\IE\vite-app\src\features\productList\ProductDetails.tsx">
        <metrics statements="7" coveredstatements="7" conditionals="0" coveredconditionals="0" methods="2" coveredmethods="2"/>
        <line num="1" count="1" type="stmt"/>
        <line num="2" count="1" type="stmt"/>
        <line num="4" count="1" type="stmt"/>
        <line num="5" count="8" type="stmt"/>
        <line num="7" count="8" type="stmt"/>
        <line num="20" count="1" type="stmt"/>
        <line num="29" count="1" type="stmt"/>
      </file>
      <file name="ProductGridVirtualized.tsx" path="C:\IE\vite-app\src\features\productList\ProductGridVirtualized.tsx">
        <metrics statements="26" coveredstatements="25" conditionals="8" coveredconditionals="4" methods="8" coveredmethods="7"/>
        <line num="1" count="1" type="stmt"/>
        <line num="2" count="1" type="stmt"/>
        <line num="3" count="1" type="stmt"/>
        <line num="5" count="2" type="stmt"/>
        <line num="11" count="1" type="stmt"/>
        <line num="13" count="1" type="stmt"/>
        <line num="14" count="6" type="stmt"/>
        <line num="15" count="0" type="stmt"/>
        <line num="19" count="6" type="stmt"/>
        <line num="20" count="6" type="cond" truecount="1" falsecount="1"/>
        <line num="22" count="6" type="cond" truecount="1" falsecount="1"/>
        <line num="24" count="6" type="cond" truecount="1" falsecount="1"/>
        <line num="26" count="6" type="stmt"/>
        <line num="29" count="6" type="stmt"/>
        <line num="42" count="20" type="stmt"/>
        <line num="44" count="20" type="stmt"/>
        <line num="46" count="20" type="cond" truecount="1" falsecount="1"/>
        <line num="48" count="20" type="stmt"/>
        <line num="64" count="6" type="stmt"/>
        <line num="74" count="6" type="stmt"/>
        <line num="76" count="6" type="stmt"/>
        <line num="78" count="6" type="stmt"/>
        <line num="80" count="6" type="stmt"/>
        <line num="82" count="6" type="stmt"/>
        <line num="91" count="20" type="stmt"/>
        <line num="104" count="1" type="stmt"/>
      </file>
    </package>
    <package name="shared">
      <metrics statements="44" coveredstatements="39" conditionals="10" coveredconditionals="9" methods="14" coveredmethods="10"/>
      <file name="Loading.tsx" path="C:\IE\vite-app\src\shared\Loading.tsx">
        <metrics statements="2" coveredstatements="2" conditionals="0" coveredconditionals="0" methods="1" coveredmethods="1"/>
        <line num="1" count="1" type="stmt"/>
        <line num="2" count="1" type="stmt"/>
      </file>
      <file name="Pagination.tsx" path="C:\IE\vite-app\src\shared\Pagination.tsx">
        <metrics statements="27" coveredstatements="24" conditionals="10" coveredconditionals="9" methods="7" coveredmethods="5"/>
        <line num="1" count="1" type="stmt"/>
        <line num="2" count="1" type="stmt"/>
        <line num="3" count="1" type="stmt"/>
        <line num="4" count="1" type="stmt"/>
        <line num="6" count="1" type="stmt"/>
        <line num="7" count="8" type="stmt"/>
        <line num="9" count="8" type="stmt"/>
        <line num="10" count="8" type="stmt"/>
        <line num="16" count="8" type="stmt"/>
        <line num="18" count="8" type="stmt"/>
        <line num="19" count="1" type="cond" truecount="3" falsecount="1"/>
        <line num="20" count="0" type="stmt"/>
        <line num="23" count="1" type="stmt"/>
        <line num="26" count="8" type="stmt"/>
        <line num="27" count="8" type="stmt"/>
        <line num="29" count="8" type="cond" truecount="2" falsecount="0"/>
        <line num="30" count="2" type="stmt"/>
        <line num="32" count="2" type="stmt"/>
        <line num="35" count="8" type="stmt"/>
        <line num="37" count="8" type="stmt"/>
        <line num="38" count="22" type="stmt"/>
        <line num="41" count="8" type="stmt"/>
        <line num="46" count="0" type="stmt"/>
        <line num="54" count="22" type="stmt"/>
        <line num="57" count="1" type="stmt"/>
        <line num="73" count="0" type="stmt"/>
        <line num="83" count="1" type="stmt"/>
      </file>
      <file name="searchProduct.tsx" path="C:\IE\vite-app\src\shared\searchProduct.tsx">
        <metrics statements="15" coveredstatements="13" conditionals="0" coveredconditionals="0" methods="6" coveredmethods="4"/>
        <line num="1" count="1" type="stmt"/>
        <line num="2" count="1" type="stmt"/>
        <line num="3" count="1" type="stmt"/>
        <line num="5" count="1" type="stmt"/>
        <line num="6" count="4" type="stmt"/>
        <line num="13" count="4" type="stmt"/>
        <line num="14" count="1" type="stmt"/>
        <line num="15" count="1" type="stmt"/>
        <line num="16" count="0" type="stmt"/>
        <line num="21" count="4" type="stmt"/>
        <line num="22" count="0" type="stmt"/>
        <line num="25" count="4" type="stmt"/>
        <line num="27" count="4" type="stmt"/>
        <line num="38" count="1" type="stmt"/>
        <line num="51" count="1" type="stmt"/>
      </file>
    </package>
  </project>
</coverage>
