{"C:\\IE\\vite-app\\src\\features\\HomePage.tsx": {"path":"C:\\IE\\vite-app\\src\\features\\HomePage.tsx","statementMap":{"0":{"start":{"line":1,"column":0},"end":{"line":1,"column":47}},"1":{"start":{"line":2,"column":0},"end":{"line":2,"column":29}},"2":{"start":{"line":4,"column":24},"end":{"line":99,"column":1}},"3":{"start":{"line":5,"column":19},"end":{"line":5,"column":32}},"4":{"start":{"line":7,"column":19},"end":{"line":22,"column":4}},"5":{"start":{"line":24,"column":23},"end":{"line":37,"column":4}},"6":{"start":{"line":39,"column":2},"end":{"line":98,"column":4}},"7":{"start":{"line":58,"column":12},"end":{"line":58,"column":null}},"8":{"start":{"line":63,"column":37},"end":{"line":63,"column":59}},"9":{"start":{"line":76,"column":12},"end":{"line":76,"column":29}},"10":{"start":{"line":4,"column":13},"end":{"line":4,"column":24}}},"fnMap":{"0":{"name":"(anonymous_0)","decl":{"start":{"line":4,"column":24},"end":{"line":4,"column":27}},"loc":{"start":{"line":4,"column":29},"end":{"line":99,"column":1}}},"1":{"name":"(anonymous_1)","decl":{"start":{"line":57,"column":24},"end":{"line":57,"column":25}},"loc":{"start":{"line":58,"column":12},"end":{"line":58,"column":null}}},"2":{"name":"(anonymous_2)","decl":{"start":{"line":63,"column":31},"end":{"line":63,"column":34}},"loc":{"start":{"line":63,"column":37},"end":{"line":63,"column":59}}},"3":{"name":"(anonymous_3)","decl":{"start":{"line":75,"column":28},"end":{"line":75,"column":29}},"loc":{"start":{"line":76,"column":12},"end":{"line":76,"column":29}}}},"branchMap":{},"s":{"0":1,"1":1,"2":1,"3":10,"4":10,"5":10,"6":10,"7":20,"8":0,"9":120,"10":1},"f":{"0":10,"1":20,"2":0,"3":120},"b":{}}
,"C:\\IE\\vite-app\\src\\features\\dashboard\\ProductDashboard.tsx": {"path":"C:\\IE\\vite-app\\src\\features\\dashboard\\ProductDashboard.tsx","statementMap":{"0":{"start":{"line":1,"column":0},"end":{"line":1,"column":42}},"1":{"start":{"line":2,"column":0},"end":{"line":2,"column":53}},"2":{"start":{"line":3,"column":0},"end":{"line":3,"column":55}},"3":{"start":{"line":4,"column":0},"end":{"line":4,"column":32}},"4":{"start":{"line":5,"column":0},"end":{"line":5,"column":49}},"5":{"start":{"line":6,"column":0},"end":{"line":6,"column":47}},"6":{"start":{"line":8,"column":25},"end":{"line":80,"column":1}},"7":{"start":{"line":9,"column":41},"end":{"line":12,"column":null}},"8":{"start":{"line":12,"column":10},"end":{"line":12,"column":32}},"9":{"start":{"line":14,"column":15},"end":{"line":14,"column":40}},"10":{"start":{"line":15,"column":37},"end":{"line":19,"column":4}},"11":{"start":{"line":21,"column":2},"end":{"line":23,"column":3}},"12":{"start":{"line":22,"column":4},"end":{"line":22,"column":23}},"13":{"start":{"line":25,"column":2},"end":{"line":31,"column":3}},"14":{"start":{"line":26,"column":4},"end":{"line":30,"column":6}},"15":{"start":{"line":33,"column":2},"end":{"line":79,"column":4}},"16":{"start":{"line":52,"column":14},"end":{"line":53,"column":null}},"17":{"start":{"line":82,"column":0},"end":{"line":82,"column":32}}},"fnMap":{"0":{"name":"(anonymous_1)","decl":{"start":{"line":8,"column":25},"end":{"line":8,"column":28}},"loc":{"start":{"line":8,"column":30},"end":{"line":80,"column":1}}},"1":{"name":"(anonymous_2)","decl":{"start":{"line":10,"column":4},"end":{"line":10,"column":5}},"loc":{"start":{"line":12,"column":10},"end":{"line":12,"column":32}}},"2":{"name":"(anonymous_3)","decl":{"start":{"line":46,"column":12},"end":{"line":46,"column":13}},"loc":{"start":{"line":52,"column":14},"end":{"line":53,"column":null}}}},"branchMap":{"0":{"loc":{"start":{"line":21,"column":2},"end":{"line":23,"column":3}},"type":"if","locations":[{"start":{"line":21,"column":2},"end":{"line":23,"column":3}},{"start":{},"end":{}}]},"1":{"loc":{"start":{"line":25,"column":2},"end":{"line":31,"column":3}},"type":"if","locations":[{"start":{"line":25,"column":2},"end":{"line":31,"column":3}},{"start":{},"end":{}}]},"2":{"loc":{"start":{"line":45,"column":11},"end":{"line":72,"column":null}},"type":"cond-expr","locations":[{"start":{"line":45,"column":25},"end":{"line":45,"column":27}},{"start":{"line":45,"column":25},"end":{"line":72,"column":null}}]},"3":{"loc":{"start":{"line":45,"column":11},"end":{"line":45,"column":27}},"type":"binary-expr","locations":[{"start":{"line":45,"column":11},"end":{"line":45,"column":27}},{"start":{"line":45,"column":25},"end":{"line":45,"column":27}}]},"4":{"loc":{"start":{"line":45,"column":11},"end":{"line":45,"column":25}},"type":"cond-expr","locations":[{"start":{"line":45,"column":15},"end":{"line":45,"column":17}},{"start":{"line":45,"column":11},"end":{"line":45,"column":25}}]},"5":{"loc":{"start":{"line":45,"column":11},"end":{"line":45,"column":17}},"type":"binary-expr","locations":[{"start":{"line":45,"column":11},"end":{"line":45,"column":17}},{"start":{"line":45,"column":11},"end":{"line":45,"column":17}}]},"6":{"loc":{"start":{"line":77,"column":25},"end":{"line":77,"column":41}},"type":"binary-expr","locations":[{"start":{"line":77,"column":25},"end":{"line":77,"column":36}},{"start":{"line":77,"column":40},"end":{"line":77,"column":41}}]},"7":{"loc":{"start":{"line":77,"column":25},"end":{"line":77,"column":36}},"type":"cond-expr","locations":[{"start":{"line":77,"column":29},"end":{"line":77,"column":31}},{"start":{"line":77,"column":25},"end":{"line":77,"column":36}}]},"8":{"loc":{"start":{"line":77,"column":25},"end":{"line":77,"column":31}},"type":"binary-expr","locations":[{"start":{"line":77,"column":25},"end":{"line":77,"column":31}},{"start":{"line":77,"column":25},"end":{"line":77,"column":31}}]}},"s":{"0":1,"1":1,"2":1,"3":1,"4":1,"5":1,"6":1,"7":8,"8":8,"9":8,"10":8,"11":8,"12":1,"13":7,"14":1,"15":6,"16":5,"17":1},"f":{"0":8,"1":8,"2":5},"b":{"0":[1,7],"1":[1,6],"2":[0,6],"3":[6,6],"4":[0,6],"5":[6,6],"6":[6,2],"7":[0,6],"8":[6,6]}}
,"C:\\IE\\vite-app\\src\\features\\productList\\ProductCard.tsx": {"path":"C:\\IE\\vite-app\\src\\features\\productList\\ProductCard.tsx","statementMap":{"0":{"start":{"line":1,"column":0},"end":{"line":1,"column":26}},"1":{"start":{"line":3,"column":0},"end":{"line":3,"column":47}},"2":{"start":{"line":4,"column":0},"end":{"line":4,"column":32}},"3":{"start":{"line":11,"column":20},"end":{"line":57,"column":1}},"4":{"start":{"line":12,"column":19},"end":{"line":12,"column":32}},"5":{"start":{"line":14,"column":22},"end":{"line":17,"column":3}},"6":{"start":{"line":15,"column":4},"end":{"line":15,"column":23}},"7":{"start":{"line":16,"column":4},"end":{"line":16,"column":40}},"8":{"start":{"line":19,"column":24},"end":{"line":24,"column":3}},"9":{"start":{"line":20,"column":4},"end":{"line":23,"column":5}},"10":{"start":{"line":21,"column":6},"end":{"line":21,"column":29}},"11":{"start":{"line":22,"column":6},"end":{"line":22,"column":20}},"12":{"start":{"line":26,"column":2},"end":{"line":56,"column":4}},"13":{"start":{"line":59,"column":0},"end":{"line":59,"column":39}}},"fnMap":{"0":{"name":"(anonymous_1)","decl":{"start":{"line":11,"column":20},"end":{"line":11,"column":21}},"loc":{"start":{"line":11,"column":52},"end":{"line":57,"column":1}}},"1":{"name":"(anonymous_2)","decl":{"start":{"line":14,"column":22},"end":{"line":14,"column":25}},"loc":{"start":{"line":14,"column":27},"end":{"line":17,"column":3}}},"2":{"name":"(anonymous_3)","decl":{"start":{"line":19,"column":24},"end":{"line":19,"column":25}},"loc":{"start":{"line":19,"column":71},"end":{"line":24,"column":3}}}},"branchMap":{"0":{"loc":{"start":{"line":15,"column":4},"end":{"line":15,"column":22}},"type":"cond-expr","locations":[{"start":{"line":15,"column":11},"end":{"line":15,"column":14}},{"start":{"line":15,"column":4},"end":{"line":15,"column":22}}]},"1":{"loc":{"start":{"line":15,"column":4},"end":{"line":15,"column":14}},"type":"binary-expr","locations":[{"start":{"line":15,"column":4},"end":{"line":15,"column":14}},{"start":{"line":15,"column":4},"end":{"line":15,"column":14}}]},"2":{"loc":{"start":{"line":20,"column":4},"end":{"line":23,"column":5}},"type":"if","locations":[{"start":{"line":20,"column":4},"end":{"line":23,"column":5}},{"start":{},"end":{}}]},"3":{"loc":{"start":{"line":20,"column":8},"end":{"line":20,"column":50}},"type":"binary-expr","locations":[{"start":{"line":20,"column":8},"end":{"line":20,"column":29}},{"start":{"line":20,"column":33},"end":{"line":20,"column":50}}]}},"s":{"0":1,"1":1,"2":1,"3":1,"4":11,"5":11,"6":4,"7":4,"8":11,"9":2,"10":2,"11":2,"12":11,"13":1},"f":{"0":11,"1":4,"2":2},"b":{"0":[1,3],"1":[4,4],"2":[2,0],"3":[2,1]}}
,"C:\\IE\\vite-app\\src\\features\\productList\\ProductDetails.tsx": {"path":"C:\\IE\\vite-app\\src\\features\\productList\\ProductDetails.tsx","statementMap":{"0":{"start":{"line":1,"column":0},"end":{"line":1,"column":45}},"1":{"start":{"line":2,"column":0},"end":{"line":2,"column":32}},"2":{"start":{"line":4,"column":23},"end":{"line":27,"column":1}},"3":{"start":{"line":5,"column":17},"end":{"line":5,"column":28}},"4":{"start":{"line":7,"column":2},"end":{"line":26,"column":4}},"5":{"start":{"line":20,"column":25},"end":{"line":20,"column":73}},"6":{"start":{"line":29,"column":0},"end":{"line":29,"column":30}}},"fnMap":{"0":{"name":"(anonymous_0)","decl":{"start":{"line":4,"column":23},"end":{"line":4,"column":26}},"loc":{"start":{"line":4,"column":28},"end":{"line":27,"column":1}}},"1":{"name":"(anonymous_1)","decl":{"start":{"line":20,"column":19},"end":{"line":20,"column":22}},"loc":{"start":{"line":20,"column":25},"end":{"line":20,"column":73}}}},"branchMap":{},"s":{"0":1,"1":1,"2":1,"3":8,"4":8,"5":1,"6":1},"f":{"0":8,"1":1},"b":{}}
,"C:\\IE\\vite-app\\src\\features\\productList\\ProductGridVirtualized.tsx": {"path":"C:\\IE\\vite-app\\src\\features\\productList\\ProductGridVirtualized.tsx","statementMap":{"0":{"start":{"line":1,"column":0},"end":{"line":1,"column":52}},"1":{"start":{"line":2,"column":0},"end":{"line":2,"column":52}},"2":{"start":{"line":3,"column":0},"end":{"line":3,"column":32}},"3":{"start":{"line":5,"column":20},"end":{"line":5,"column":55}},"4":{"start":{"line":5,"column":30},"end":{"line":5,"column":54}},"5":{"start":{"line":11,"column":12},"end":{"line":11,"column":14}},"6":{"start":{"line":13,"column":20},"end":{"line":102,"column":1}},"7":{"start":{"line":14,"column":23},"end":{"line":16,"column":8}},"8":{"start":{"line":15,"column":4},"end":{"line":15,"column":25}},"9":{"start":{"line":19,"column":25},"end":{"line":27,"column":3}},"10":{"start":{"line":20,"column":4},"end":{"line":20,"column":30}},"11":{"start":{"line":20,"column":21},"end":{"line":20,"column":30}},"12":{"start":{"line":22,"column":4},"end":{"line":22,"column":30}},"13":{"start":{"line":22,"column":21},"end":{"line":22,"column":30}},"14":{"start":{"line":24,"column":4},"end":{"line":24,"column":30}},"15":{"start":{"line":24,"column":21},"end":{"line":24,"column":30}},"16":{"start":{"line":26,"column":4},"end":{"line":26,"column":13}},"17":{"start":{"line":29,"column":23},"end":{"line":62,"column":3}},"18":{"start":{"line":42,"column":25},"end":{"line":42,"column":61}},"19":{"start":{"line":44,"column":20},"end":{"line":44,"column":42}},"20":{"start":{"line":46,"column":4},"end":{"line":46,"column":30}},"21":{"start":{"line":46,"column":18},"end":{"line":46,"column":30}},"22":{"start":{"line":48,"column":4},"end":{"line":61,"column":6}},"23":{"start":{"line":64,"column":2},"end":{"line":101,"column":4}},"24":{"start":{"line":74,"column":30},"end":{"line":74,"column":51}},"25":{"start":{"line":76,"column":30},"end":{"line":76,"column":49}},"26":{"start":{"line":78,"column":30},"end":{"line":78,"column":33}},"27":{"start":{"line":80,"column":27},"end":{"line":80,"column":67}},"28":{"start":{"line":82,"column":10},"end":{"line":97,"column":12}},"29":{"start":{"line":91,"column":16},"end":{"line":93,"column":null}},"30":{"start":{"line":104,"column":0},"end":{"line":104,"column":27}}},"fnMap":{"0":{"name":"(anonymous_9)","decl":{"start":{"line":5,"column":25},"end":{"line":5,"column":28}},"loc":{"start":{"line":5,"column":30},"end":{"line":5,"column":54}}},"1":{"name":"(anonymous_10)","decl":{"start":{"line":5,"column":30},"end":{"line":5,"column":38}},"loc":{"start":{"line":5,"column":30},"end":{"line":5,"column":54}}},"2":{"name":"(anonymous_11)","decl":{"start":{"line":13,"column":20},"end":{"line":13,"column":21}},"loc":{"start":{"line":13,"column":44},"end":{"line":102,"column":1}}},"3":{"name":"(anonymous_12)","decl":{"start":{"line":14,"column":35},"end":{"line":14,"column":36}},"loc":{"start":{"line":14,"column":56},"end":{"line":16,"column":3}}},"4":{"name":"(anonymous_13)","decl":{"start":{"line":19,"column":25},"end":{"line":19,"column":26}},"loc":{"start":{"line":19,"column":43},"end":{"line":27,"column":3}}},"5":{"name":"(anonymous_14)","decl":{"start":{"line":29,"column":23},"end":{"line":29,"column":24}},"loc":{"start":{"line":41,"column":7},"end":{"line":62,"column":3}}},"6":{"name":"(anonymous_15)","decl":{"start":{"line":73,"column":9},"end":{"line":73,"column":10}},"loc":{"start":{"line":73,"column":31},"end":{"line":98,"column":9}}},"7":{"name":"(anonymous_16)","decl":{"start":{"line":90,"column":28},"end":{"line":90,"column":29}},"loc":{"start":{"line":91,"column":16},"end":{"line":93,"column":null}}}},"branchMap":{"0":{"loc":{"start":{"line":20,"column":4},"end":{"line":20,"column":30}},"type":"if","locations":[{"start":{"line":20,"column":4},"end":{"line":20,"column":30}},{"start":{},"end":{}}]},"1":{"loc":{"start":{"line":22,"column":4},"end":{"line":22,"column":30}},"type":"if","locations":[{"start":{"line":22,"column":4},"end":{"line":22,"column":30}},{"start":{},"end":{}}]},"2":{"loc":{"start":{"line":24,"column":4},"end":{"line":24,"column":30}},"type":"if","locations":[{"start":{"line":24,"column":4},"end":{"line":24,"column":30}},{"start":{},"end":{}}]},"3":{"loc":{"start":{"line":46,"column":4},"end":{"line":46,"column":30}},"type":"if","locations":[{"start":{"line":46,"column":4},"end":{"line":46,"column":30}},{"start":{},"end":{}}]}},"s":{"0":1,"1":1,"2":1,"3":1,"4":2,"5":1,"6":1,"7":6,"8":0,"9":6,"10":6,"11":0,"12":6,"13":0,"14":6,"15":0,"16":6,"17":6,"18":20,"19":20,"20":20,"21":0,"22":20,"23":6,"24":6,"25":6,"26":6,"27":6,"28":6,"29":20,"30":1},"f":{"0":1,"1":1,"2":6,"3":0,"4":6,"5":20,"6":6,"7":20},"b":{"0":[0,6],"1":[0,6],"2":[0,6],"3":[0,20]}}
,"C:\\IE\\vite-app\\src\\shared\\Loading.tsx": {"path":"C:\\IE\\vite-app\\src\\shared\\Loading.tsx","statementMap":{"0":{"start":{"line":1,"column":23},"end":{"line":7,"column":1}},"1":{"start":{"line":2,"column":2},"end":{"line":6,"column":4}},"2":{"start":{"line":1,"column":13},"end":{"line":1,"column":23}}},"fnMap":{"0":{"name":"(anonymous_0)","decl":{"start":{"line":1,"column":23},"end":{"line":1,"column":26}},"loc":{"start":{"line":1,"column":28},"end":{"line":7,"column":1}}}},"branchMap":{},"s":{"0":1,"1":1,"2":1},"f":{"0":1},"b":{}}
,"C:\\IE\\vite-app\\src\\shared\\Pagination.tsx": {"path":"C:\\IE\\vite-app\\src\\shared\\Pagination.tsx","statementMap":{"0":{"start":{"line":1,"column":0},"end":{"line":1,"column":26}},"1":{"start":{"line":2,"column":0},"end":{"line":2,"column":55}},"2":{"start":{"line":3,"column":0},"end":{"line":3,"column":84}},"3":{"start":{"line":4,"column":0},"end":{"line":4,"column":29}},"4":{"start":{"line":6,"column":19},"end":{"line":81,"column":1}},"5":{"start":{"line":7,"column":19},"end":{"line":7,"column":32}},"6":{"start":{"line":9,"column":33},"end":{"line":13,"column":null}},"7":{"start":{"line":10,"column":78},"end":{"line":13,"column":6}},"8":{"start":{"line":16,"column":21},"end":{"line":16,"column":45}},"9":{"start":{"line":18,"column":27},"end":{"line":24,"column":3}},"10":{"start":{"line":19,"column":4},"end":{"line":21,"column":5}},"11":{"start":{"line":20,"column":6},"end":{"line":20,"column":13}},"12":{"start":{"line":23,"column":4},"end":{"line":23,"column":35}},"13":{"start":{"line":26,"column":18},"end":{"line":26,"column":46}},"14":{"start":{"line":27,"column":16},"end":{"line":27,"column":29}},"15":{"start":{"line":29,"column":2},"end":{"line":33,"column":3}},"16":{"start":{"line":30,"column":4},"end":{"line":30,"column":25}},"17":{"start":{"line":32,"column":4},"end":{"line":32,"column":41}},"18":{"start":{"line":35,"column":23},"end":{"line":35,"column":25}},"19":{"start":{"line":37,"column":2},"end":{"line":39,"column":3}},"20":{"start":{"line":37,"column":15},"end":{"line":37,"column":24}},"21":{"start":{"line":38,"column":4},"end":{"line":38,"column":25}},"22":{"start":{"line":41,"column":2},"end":{"line":80,"column":4}},"23":{"start":{"line":46,"column":23},"end":{"line":46,"column":56}},"24":{"start":{"line":54,"column":8},"end":{"line":55,"column":null}},"25":{"start":{"line":57,"column":25},"end":{"line":57,"column":47}},"26":{"start":{"line":73,"column":23},"end":{"line":73,"column":56}},"27":{"start":{"line":83,"column":0},"end":{"line":83,"column":38}}},"fnMap":{"0":{"name":"(anonymous_1)","decl":{"start":{"line":6,"column":19},"end":{"line":6,"column":20}},"loc":{"start":{"line":6,"column":52},"end":{"line":81,"column":1}}},"1":{"name":"(anonymous_2)","decl":{"start":{"line":10,"column":4},"end":{"line":10,"column":5}},"loc":{"start":{"line":10,"column":78},"end":{"line":13,"column":6}}},"2":{"name":"(anonymous_3)","decl":{"start":{"line":18,"column":27},"end":{"line":18,"column":28}},"loc":{"start":{"line":18,"column":44},"end":{"line":24,"column":3}}},"3":{"name":"(anonymous_4)","decl":{"start":{"line":46,"column":17},"end":{"line":46,"column":20}},"loc":{"start":{"line":46,"column":23},"end":{"line":46,"column":56}}},"4":{"name":"(anonymous_5)","decl":{"start":{"line":53,"column":24},"end":{"line":53,"column":25}},"loc":{"start":{"line":54,"column":8},"end":{"line":55,"column":null}}},"5":{"name":"(anonymous_6)","decl":{"start":{"line":57,"column":19},"end":{"line":57,"column":22}},"loc":{"start":{"line":57,"column":25},"end":{"line":57,"column":47}}},"6":{"name":"(anonymous_7)","decl":{"start":{"line":73,"column":17},"end":{"line":73,"column":20}},"loc":{"start":{"line":73,"column":23},"end":{"line":73,"column":56}}}},"branchMap":{"0":{"loc":{"start":{"line":19,"column":4},"end":{"line":21,"column":5}},"type":"if","locations":[{"start":{"line":19,"column":4},"end":{"line":21,"column":5}},{"start":{},"end":{}}]},"1":{"loc":{"start":{"line":19,"column":8},"end":{"line":19,"column":37}},"type":"binary-expr","locations":[{"start":{"line":19,"column":8},"end":{"line":19,"column":16}},{"start":{"line":19,"column":20},"end":{"line":19,"column":37}}]},"2":{"loc":{"start":{"line":29,"column":2},"end":{"line":33,"column":3}},"type":"if","locations":[{"start":{"line":29,"column":2},"end":{"line":33,"column":3}},{"start":{},"end":{}}]},"3":{"loc":{"start":{"line":59,"column":24},"end":{"line":59,"column":65}},"type":"cond-expr","locations":[{"start":{"line":59,"column":47},"end":{"line":59,"column":53}},{"start":{"line":59,"column":56},"end":{"line":59,"column":65}}]},"4":{"loc":{"start":{"line":61,"column":12},"end":{"line":63,"column":32}},"type":"cond-expr","locations":[{"start":{"line":62,"column":16},"end":{"line":62,"column":44}},{"start":{"line":63,"column":16},"end":{"line":63,"column":32}}]}},"s":{"0":1,"1":1,"2":1,"3":1,"4":1,"5":8,"6":8,"7":8,"8":8,"9":8,"10":1,"11":0,"12":1,"13":8,"14":8,"15":8,"16":2,"17":2,"18":8,"19":8,"20":8,"21":22,"22":8,"23":0,"24":22,"25":1,"26":0,"27":1},"f":{"0":8,"1":8,"2":1,"3":0,"4":22,"5":1,"6":0},"b":{"0":[0,1],"1":[1,1],"2":[2,6],"3":[8,14],"4":[8,14]}}
,"C:\\IE\\vite-app\\src\\shared\\searchProduct.tsx": {"path":"C:\\IE\\vite-app\\src\\shared\\searchProduct.tsx","statementMap":{"0":{"start":{"line":1,"column":0},"end":{"line":1,"column":42}},"1":{"start":{"line":2,"column":0},"end":{"line":2,"column":79}},"2":{"start":{"line":3,"column":0},"end":{"line":3,"column":29}},"3":{"start":{"line":5,"column":22},"end":{"line":49,"column":1}},"4":{"start":{"line":6,"column":19},"end":{"line":6,"column":32}},"5":{"start":{"line":13,"column":4},"end":{"line":18,"column":6}},"6":{"start":{"line":14,"column":6},"end":{"line":14,"column":26}},"7":{"start":{"line":15,"column":6},"end":{"line":17,"column":16}},"8":{"start":{"line":16,"column":8},"end":{"line":16,"column":26}},"9":{"start":{"line":21,"column":23},"end":{"line":23,"column":3}},"10":{"start":{"line":22,"column":4},"end":{"line":22,"column":31}},"11":{"start":{"line":25,"column":26},"end":{"line":25,"column":60}},"12":{"start":{"line":27,"column":2},"end":{"line":48,"column":4}},"13":{"start":{"line":38,"column":25},"end":{"line":38,"column":56}},"14":{"start":{"line":51,"column":0},"end":{"line":51,"column":29}}},"fnMap":{"0":{"name":"(anonymous_0)","decl":{"start":{"line":5,"column":22},"end":{"line":5,"column":25}},"loc":{"start":{"line":5,"column":27},"end":{"line":49,"column":1}}},"1":{"name":"customDebounce","decl":{"start":{"line":8,"column":11},"end":{"line":8,"column":25}},"loc":{"start":{"line":10,"column":17},"end":{"line":19,"column":3}}},"2":{"name":"(anonymous_2)","decl":{"start":{"line":13,"column":11},"end":{"line":13,"column":12}},"loc":{"start":{"line":13,"column":26},"end":{"line":18,"column":5}}},"3":{"name":"(anonymous_3)","decl":{"start":{"line":15,"column":25},"end":{"line":15,"column":28}},"loc":{"start":{"line":15,"column":30},"end":{"line":17,"column":7}}},"4":{"name":"(anonymous_4)","decl":{"start":{"line":21,"column":23},"end":{"line":21,"column":24}},"loc":{"start":{"line":21,"column":41},"end":{"line":23,"column":3}}},"5":{"name":"(anonymous_5)","decl":{"start":{"line":38,"column":18},"end":{"line":38,"column":19}},"loc":{"start":{"line":38,"column":25},"end":{"line":38,"column":56}}}},"branchMap":{},"s":{"0":1,"1":1,"2":1,"3":1,"4":4,"5":4,"6":1,"7":1,"8":0,"9":4,"10":0,"11":4,"12":4,"13":1,"14":1},"f":{"0":4,"1":4,"2":1,"3":0,"4":0,"5":1},"b":{}}
}
