TN:
SF:src\features\HomePage.tsx
FN:4,(anonymous_0)
FN:57,(anonymous_1)
FN:63,(anonymous_2)
FN:75,(anonymous_3)
FNF:4
FNH:3
FNDA:10,(anonymous_0)
FNDA:20,(anonymous_1)
FNDA:0,(anonymous_2)
FNDA:120,(anonymous_3)
DA:1,1
DA:2,1
DA:4,1
DA:5,10
DA:7,10
DA:24,10
DA:39,10
DA:58,20
DA:63,0
DA:76,120
LF:10
LH:9
BRF:0
BRH:0
end_of_record
TN:
SF:src\features\dashboard\ProductDashboard.tsx
FN:8,(anonymous_1)
FN:10,(anonymous_2)
FN:46,(anonymous_3)
FNF:3
FNH:3
FNDA:8,(anonymous_1)
FNDA:8,(anonymous_2)
FNDA:5,(anonymous_3)
DA:1,1
DA:2,1
DA:3,1
DA:4,1
DA:5,1
DA:6,1
DA:8,1
DA:9,8
DA:12,8
DA:14,8
DA:15,8
DA:21,8
DA:22,1
DA:25,7
DA:26,1
DA:33,6
DA:52,5
DA:82,1
LF:18
LH:18
BRDA:21,0,0,1
BRDA:21,0,1,7
BRDA:25,1,0,1
BRDA:25,1,1,6
BRDA:45,2,0,0
BRDA:45,2,1,6
BRDA:45,3,0,6
BRDA:45,3,1,6
BRDA:45,4,0,0
BRDA:45,4,1,6
BRDA:45,5,0,6
BRDA:45,5,1,6
BRDA:77,6,0,6
BRDA:77,6,1,2
BRDA:77,7,0,0
BRDA:77,7,1,6
BRDA:77,8,0,6
BRDA:77,8,1,6
BRF:18
BRH:15
end_of_record
TN:
SF:src\features\productList\ProductCard.tsx
FN:11,(anonymous_1)
FN:14,(anonymous_2)
FN:19,(anonymous_3)
FNF:3
FNH:3
FNDA:11,(anonymous_1)
FNDA:4,(anonymous_2)
FNDA:2,(anonymous_3)
DA:1,1
DA:3,1
DA:4,1
DA:11,1
DA:12,11
DA:14,11
DA:15,4
DA:16,4
DA:19,11
DA:20,2
DA:21,2
DA:22,2
DA:26,11
DA:59,1
LF:14
LH:14
BRDA:15,0,0,1
BRDA:15,0,1,3
BRDA:15,1,0,4
BRDA:15,1,1,4
BRDA:20,2,0,2
BRDA:20,2,1,0
BRDA:20,3,0,2
BRDA:20,3,1,1
BRF:8
BRH:7
end_of_record
TN:
SF:src\features\productList\ProductDetails.tsx
FN:4,(anonymous_0)
FN:20,(anonymous_1)
FNF:2
FNH:2
FNDA:8,(anonymous_0)
FNDA:1,(anonymous_1)
DA:1,1
DA:2,1
DA:4,1
DA:5,8
DA:7,8
DA:20,1
DA:29,1
LF:7
LH:7
BRF:0
BRH:0
end_of_record
TN:
SF:src\features\productList\ProductGridVirtualized.tsx
FN:5,(anonymous_9)
FN:5,(anonymous_10)
FN:13,(anonymous_11)
FN:14,(anonymous_12)
FN:19,(anonymous_13)
FN:29,(anonymous_14)
FN:73,(anonymous_15)
FN:90,(anonymous_16)
FNF:8
FNH:7
FNDA:1,(anonymous_9)
FNDA:1,(anonymous_10)
FNDA:6,(anonymous_11)
FNDA:0,(anonymous_12)
FNDA:6,(anonymous_13)
FNDA:20,(anonymous_14)
FNDA:6,(anonymous_15)
FNDA:20,(anonymous_16)
DA:1,1
DA:2,1
DA:3,1
DA:5,2
DA:11,1
DA:13,1
DA:14,6
DA:15,0
DA:19,6
DA:20,6
DA:22,6
DA:24,6
DA:26,6
DA:29,6
DA:42,20
DA:44,20
DA:46,20
DA:48,20
DA:64,6
DA:74,6
DA:76,6
DA:78,6
DA:80,6
DA:82,6
DA:91,20
DA:104,1
LF:26
LH:25
BRDA:20,0,0,0
BRDA:20,0,1,6
BRDA:22,1,0,0
BRDA:22,1,1,6
BRDA:24,2,0,0
BRDA:24,2,1,6
BRDA:46,3,0,0
BRDA:46,3,1,20
BRF:8
BRH:4
end_of_record
TN:
SF:src\shared\Loading.tsx
FN:1,(anonymous_0)
FNF:1
FNH:1
FNDA:1,(anonymous_0)
DA:1,1
DA:2,1
LF:2
LH:2
BRF:0
BRH:0
end_of_record
TN:
SF:src\shared\Pagination.tsx
FN:6,(anonymous_1)
FN:10,(anonymous_2)
FN:18,(anonymous_3)
FN:46,(anonymous_4)
FN:53,(anonymous_5)
FN:57,(anonymous_6)
FN:73,(anonymous_7)
FNF:7
FNH:5
FNDA:8,(anonymous_1)
FNDA:8,(anonymous_2)
FNDA:1,(anonymous_3)
FNDA:0,(anonymous_4)
FNDA:22,(anonymous_5)
FNDA:1,(anonymous_6)
FNDA:0,(anonymous_7)
DA:1,1
DA:2,1
DA:3,1
DA:4,1
DA:6,1
DA:7,8
DA:9,8
DA:10,8
DA:16,8
DA:18,8
DA:19,1
DA:20,0
DA:23,1
DA:26,8
DA:27,8
DA:29,8
DA:30,2
DA:32,2
DA:35,8
DA:37,8
DA:38,22
DA:41,8
DA:46,0
DA:54,22
DA:57,1
DA:73,0
DA:83,1
LF:27
LH:24
BRDA:19,0,0,0
BRDA:19,0,1,1
BRDA:19,1,0,1
BRDA:19,1,1,1
BRDA:29,2,0,2
BRDA:29,2,1,6
BRDA:59,3,0,8
BRDA:59,3,1,14
BRDA:61,4,0,8
BRDA:61,4,1,14
BRF:10
BRH:9
end_of_record
TN:
SF:src\shared\searchProduct.tsx
FN:5,(anonymous_0)
FN:8,customDebounce
FN:13,(anonymous_2)
FN:15,(anonymous_3)
FN:21,(anonymous_4)
FN:38,(anonymous_5)
FNF:6
FNH:4
FNDA:4,(anonymous_0)
FNDA:4,customDebounce
FNDA:1,(anonymous_2)
FNDA:0,(anonymous_3)
FNDA:0,(anonymous_4)
FNDA:1,(anonymous_5)
DA:1,1
DA:2,1
DA:3,1
DA:5,1
DA:6,4
DA:13,4
DA:14,1
DA:15,1
DA:16,0
DA:21,4
DA:22,0
DA:25,4
DA:27,4
DA:38,1
DA:51,1
LF:15
LH:13
BRF:0
BRH:0
end_of_record
